<?xml version="1.0" encoding="UTF-8"?>
<testng-results ignored="0" total="1" passed="1" failed="0" skipped="0">
  <reporter-output>
  </reporter-output>
  <suite started-at="2024-01-04T14:30:06 IST" name="Default suite" finished-at="2024-01-04T14:30:49 IST" duration-ms="43870">
    <groups>
    </groups>
    <test started-at="2024-01-04T14:30:06 IST" name="Default test" finished-at="2024-01-04T14:30:49 IST" duration-ms="43870">
      <class name="AutomationRegisterTest.VerifyProductQantityTest">
        <test-method is-config="true" signature="LaunchApp()[pri:0, instance:AutomationRegisterTest.VerifyProductQantityTest@dbf57b3]" started-at="2024-01-04T14:30:06 IST" name="LaunchApp" finished-at="2024-01-04T14:30:43 IST" duration-ms="37324" status="PASS">
          <reporter-output>
          </reporter-output>
        </test-method> <!-- LaunchApp -->
        <test-method signature="VerifyProductQantity()[pri:0, instance:AutomationRegisterTest.VerifyProductQantityTest@dbf57b3]" started-at="2024-01-04T14:30:43 IST" name="VerifyProductQantity" finished-at="2024-01-04T14:30:49 IST" duration-ms="6450" status="PASS">
          <reporter-output>
          </reporter-output>
        </test-method> <!-- VerifyProductQantity -->
      </class> <!-- AutomationRegisterTest.VerifyProductQantityTest -->
    </test> <!-- Default test -->
  </suite> <!-- Default suite -->
</testng-results>
