<?xml version="1.0" encoding="UTF-8"?>
<!-- Generated by org.testng.reporters.JUnitXMLReporter -->
<testsuite ignored="1" hostname="DESKTOP-5C42FIC" failures="0" tests="2" name="CarLoan" time="0.013" errors="0" timestamp="2023-10-21T22:47:43 IST">
  <testcase classname="TestNG.Day3" name="MobilecarLoan" time="0.002"/>
  <testcase classname="TestNG.Day3" name="WebcarLoan" time="0.002"/>
  <testcase classname="TestNG.Day3" name="ApicarLoan" time="0.0">
    <ignored/>
  </testcase> <!-- ApicarLoan -->
</testsuite> <!-- CarLoan -->
