<?xml version="1.0" encoding="UTF-8"?>
<!-- Generated by org.testng.reporters.JUnitXMLReporter -->
<testsuite ignored="3" hostname="DESKTOP-5C42FIC" failures="0" tests="3" name="PersonalLoan" time="0.121" errors="0" timestamp="2023-10-22T09:12:26 IST">
  <testcase classname="TestNG.Day1" name="SecondDemo" time="0.015"/>
  <testcase classname="TestNG.Day2" name="Demo2" time="0.002"/>
  <testcase classname="TestNG.Day3" name="MobilecarLoan" time="0.004"/>
  <testcase classname="TestNG.Day3" name="ApicarLoan" time="0.0">
    <ignored/>
  </testcase> <!-- ApicarLoan -->
  <testcase classname="TestNG.Day3" name="WebcarLoan" time="0.0">
    <ignored/>
  </testcase> <!-- WebcarLoan -->
  <testcase classname="TestNG.Day1" name="Demo" time="0.0">
    <ignored/>
  </testcase> <!-- Demo -->
</testsuite> <!-- PersonalLoan -->
